app/build/intermediates/manifest_merge_blame_file/debug/manifest-merger-blame-debug-report.txt
1<?xml version="1.0" encoding="utf-8"?>
2<manifest xmlns:android="http://schemas.android.com/apk/res/android"
3    package="com.softdroid.puzzlev2"
4    android:versionCode="1"
5    android:versionName="1.0" >
6
7    <uses-sdk
8        android:minSdkVersion="21"
8-->src\main\AndroidManifest.xml
9        android:targetSdkVersion="31" />
9-->src\main\AndroidManifest.xml
10
11    <uses-permission android:name="android.permission.INTERNET" />
11-->src\main\AndroidManifest.xml:5:5-67
11-->src\main\AndroidManifest.xml:5:22-64
12
13    <application
13-->src\main\AndroidManifest.xml:7:5-52:19
14        android:allowBackup="true"
14-->src\main\AndroidManifest.xml:8:9-35
15        android:appComponentFactory="androidx.core.app.CoreComponentFactory"
15-->[androidx.core:core:1.5.0] AndroidManifest.xml:24:18-86
16        android:debuggable="true"
17        android:icon="@mipmap/ic_launcher"
17-->src\main\AndroidManifest.xml:9:9-43
18        android:label="@string/app_name"
18-->src\main\AndroidManifest.xml:10:9-41
19        android:roundIcon="@mipmap/ic_launcher_round"
19-->src\main\AndroidManifest.xml:11:9-54
20        android:supportsRtl="true"
20-->src\main\AndroidManifest.xml:12:9-35
21        android:testOnly="true"
22        android:theme="@style/Theme.PuzzleV2" >
22-->src\main\AndroidManifest.xml:13:9-46
23        <activity
23-->src\main\AndroidManifest.xml:14:9-17:65
24            android:name="com.softdroid.puzzlev2.PuzzleActivity"
24-->src\main\AndroidManifest.xml:15:13-43
25            android:exported="true"
25-->src\main\AndroidManifest.xml:16:13-36
26            android:theme="@style/Theme.AppCompat.NoActionBar" />
26-->src\main\AndroidManifest.xml:17:13-63
27        <activity
27-->src\main\AndroidManifest.xml:18:9-21:65
28            android:name="com.softdroid.puzzlev2.CongratsActivity"
28-->src\main\AndroidManifest.xml:19:13-45
29            android:exported="true"
29-->src\main\AndroidManifest.xml:20:13-36
30            android:theme="@style/Theme.AppCompat.NoActionBar" />
30-->src\main\AndroidManifest.xml:21:13-63
31        <activity
31-->src\main\AndroidManifest.xml:22:9-25:65
32            android:name="com.softdroid.puzzlev2.RankingActivity"
32-->src\main\AndroidManifest.xml:23:13-44
33            android:exported="true"
33-->src\main\AndroidManifest.xml:24:13-36
34            android:theme="@style/Theme.AppCompat.NoActionBar" />
34-->src\main\AndroidManifest.xml:25:13-63
35        <activity
35-->src\main\AndroidManifest.xml:27:9-36:20
36            android:name="com.softdroid.puzzlev2.SplashActivity"
36-->src\main\AndroidManifest.xml:28:13-43
37            android:exported="true"
37-->src\main\AndroidManifest.xml:29:13-36
38            android:theme="@style/Theme.AppCompat.NoActionBar" >
38-->src\main\AndroidManifest.xml:30:13-63
39            <intent-filter>
39-->src\main\AndroidManifest.xml:31:13-35:29
40                <action android:name="android.intent.action.MAIN" />
40-->src\main\AndroidManifest.xml:32:17-69
40-->src\main\AndroidManifest.xml:32:25-66
41
42                <category android:name="android.intent.category.LAUNCHER" />
42-->src\main\AndroidManifest.xml:34:17-77
42-->src\main\AndroidManifest.xml:34:27-74
43            </intent-filter>
44        </activity>
45        <activity
45-->src\main\AndroidManifest.xml:37:9-40:15
46            android:name="com.softdroid.puzzlev2.AyudaActivity"
46-->src\main\AndroidManifest.xml:38:13-42
47            android:exported="true" />
47-->src\main\AndroidManifest.xml:39:13-36
48        <activity
48-->src\main\AndroidManifest.xml:41:9-45:20
49            android:name="com.softdroid.puzzlev2.MenuActivity"
49-->src\main\AndroidManifest.xml:42:13-41
50            android:exported="true"
50-->src\main\AndroidManifest.xml:43:13-36
51            android:theme="@style/Theme.AppCompat.NoActionBar" >
51-->src\main\AndroidManifest.xml:44:13-63
52        </activity>
53        <activity
53-->src\main\AndroidManifest.xml:46:9-51:11
54            android:name="com.softdroid.puzzlev2.MainActivity"
54-->src\main\AndroidManifest.xml:47:13-41
55            android:exported="true"
55-->src\main\AndroidManifest.xml:48:13-36
56            android:screenOrientation="portrait"
56-->src\main\AndroidManifest.xml:49:13-49
57            android:theme="@style/Theme.AppCompat.NoActionBar" />
57-->src\main\AndroidManifest.xml:50:13-63
58    </application>
59
60</manifest>